[2016-05-22 15:50:35] local.ERROR: exception 'InvalidArgumentException' with message 'Command "magrate" is not defined.

Did you mean one of these?
    migrate
    migrate:status
    migrate:refresh
    migrate:rollback
    migrate:install
    migrate:reset' in /var/www/laravel-angular/vendor/symfony/console/Application.php:515
Stack trace:
#0 /var/www/laravel-angular/vendor/symfony/console/Application.php(186): Symfony\Component\Console\Application->find('magrate')
#1 /var/www/laravel-angular/vendor/symfony/console/Application.php(120): Symfony\Component\Console\Application->doRun(Object(Symfony\Component\Console\Input\ArgvInput), Object(Symfony\Component\Console\Output\ConsoleOutput))
#2 /var/www/laravel-angular/vendor/laravel/framework/src/Illuminate/Foundation/Console/Kernel.php(107): Symfony\Component\Console\Application->run(Object(Symfony\Component\Console\Input\ArgvInput), Object(Symfony\Component\Console\Output\ConsoleOutput))
#3 /var/www/laravel-angular/artisan(36): Illuminate\Foundation\Console\Kernel->handle(Object(Symfony\Component\Console\Input\ArgvInput), Object(Symfony\Component\Console\Output\ConsoleOutput))
#4 {main}  
[2016-05-22 15:50:42] local.ERROR: exception 'PDOException' with message 'SQLSTATE[42S01]: Base table or view already exists: 1050 Table 'clients' already exists' in /var/www/laravel-angular/vendor/laravel/framework/src/Illuminate/Database/Connection.php:390
Stack trace:
#0 /var/www/laravel-angular/vendor/laravel/framework/src/Illuminate/Database/Connection.php(390): PDOStatement->execute(Array)
#1 /var/www/laravel-angular/vendor/laravel/framework/src/Illuminate/Database/Connection.php(648): Illuminate\Database\Connection->Illuminate\Database\{closure}(Object(Illuminate\Database\MySqlConnection), 'create table `c...', Array)
#2 /var/www/laravel-angular/vendor/laravel/framework/src/Illuminate/Database/Connection.php(611): Illuminate\Database\Connection->runQueryCallback('create table `c...', Array, Object(Closure))
#3 /var/www/laravel-angular/vendor/laravel/framework/src/Illuminate/Database/Connection.php(391): Illuminate\Database\Connection->run('create table `c...', Array, Object(Closure))
#4 /var/www/laravel-angular/vendor/laravel/framework/src/Illuminate/Database/Schema/Blueprint.php(83): Illuminate\Database\Connection->statement('create table `c...')
#5 /var/www/laravel-angular/vendor/laravel/framework/src/Illuminate/Database/Schema/Builder.php(191): Illuminate\Database\Schema\Blueprint->build(Object(Illuminate\Database\MySqlConnection), Object(Illuminate\Database\Schema\Grammars\MySqlGrammar))
#6 /var/www/laravel-angular/vendor/laravel/framework/src/Illuminate/Database/Schema/Builder.php(134): Illuminate\Database\Schema\Builder->build(Object(Illuminate\Database\Schema\Blueprint))
#7 /var/www/laravel-angular/vendor/laravel/framework/src/Illuminate/Support/Facades/Facade.php(219): Illuminate\Database\Schema\Builder->create('clients', Object(Closure))
#8 /var/www/laravel-angular/database/migrations/2016_05_22_154714_create_clients_table.php(24): Illuminate\Support\Facades\Facade::__callStatic('create', Array)
#9 /var/www/laravel-angular/database/migrations/2016_05_22_154714_create_clients_table.php(24): Illuminate\Support\Facades\Schema::create('clients', Object(Closure))
#10 /var/www/laravel-angular/vendor/laravel/framework/src/Illuminate/Database/Migrations/Migrator.php(135): CreateClientsTable->up()
#11 /var/www/laravel-angular/vendor/laravel/framework/src/Illuminate/Database/Migrations/Migrator.php(112): Illuminate\Database\Migrations\Migrator->runUp('2016_05_22_1547...', 6, false)
#12 /var/www/laravel-angular/vendor/laravel/framework/src/Illuminate/Database/Migrations/Migrator.php(85): Illuminate\Database\Migrations\Migrator->runMigrationList(Array, false)
#13 /var/www/laravel-angular/vendor/laravel/framework/src/Illuminate/Database/Console/Migrations/MigrateCommand.php(74): Illuminate\Database\Migrations\Migrator->run('/var/www/larave...', false)
#14 [internal function]: Illuminate\Database\Console\Migrations\MigrateCommand->fire()
#15 /var/www/laravel-angular/vendor/laravel/framework/src/Illuminate/Container/Container.php(507): call_user_func_array(Array, Array)
#16 /var/www/laravel-angular/vendor/laravel/framework/src/Illuminate/Console/Command.php(150): Illuminate\Container\Container->call(Array)
#17 /var/www/laravel-angular/vendor/symfony/console/Command/Command.php(256): Illuminate\Console\Command->execute(Object(Symfony\Component\Console\Input\ArgvInput), Object(Symfony\Component\Console\Output\ConsoleOutput))
#18 /var/www/laravel-angular/vendor/laravel/framework/src/Illuminate/Console/Command.php(136): Symfony\Component\Console\Command\Command->run(Object(Symfony\Component\Console\Input\ArgvInput), Object(Symfony\Component\Console\Output\ConsoleOutput))
#19 /var/www/laravel-angular/vendor/symfony/console/Application.php(841): Illuminate\Console\Command->run(Object(Symfony\Component\Console\Input\ArgvInput), Object(Symfony\Component\Console\Output\ConsoleOutput))
#20 /var/www/laravel-angular/vendor/symfony/console/Application.php(189): Symfony\Component\Console\Application->doRunCommand(Object(Illuminate\Database\Console\Migrations\MigrateCommand), Object(Symfony\Component\Console\Input\ArgvInput), Object(Symfony\Component\Console\Output\ConsoleOutput))
#21 /var/www/laravel-angular/vendor/symfony/console/Application.php(120): Symfony\Component\Console\Application->doRun(Object(Symfony\Component\Console\Input\ArgvInput), Object(Symfony\Component\Console\Output\ConsoleOutput))
#22 /var/www/laravel-angular/vendor/laravel/framework/src/Illuminate/Foundation/Console/Kernel.php(107): Symfony\Component\Console\Application->run(Object(Symfony\Component\Console\Input\ArgvInput), Object(Symfony\Component\Console\Output\ConsoleOutput))
#23 /var/www/laravel-angular/artisan(36): Illuminate\Foundation\Console\Kernel->handle(Object(Symfony\Component\Console\Input\ArgvInput), Object(Symfony\Component\Console\Output\ConsoleOutput))
#24 {main}

Next exception 'Illuminate\Database\QueryException' with message 'SQLSTATE[42S01]: Base table or view already exists: 1050 Table 'clients' already exists (SQL: create table `clients` (`id` int unsigned not null auto_increment primary key, `name` varchar(255) not null, `responsible` varchar(255) not null, `email` varchar(255) not null, `phone` varchar(255) not null, `address` text not null, `obs` text not null, `created_at` timestamp default 0 not null, `updated_at` timestamp default 0 not null) default character set utf8 collate utf8_unicode_ci)' in /var/www/laravel-angular/vendor/laravel/framework/src/Illuminate/Database/Connection.php:655
Stack trace:
#0 /var/www/laravel-angular/vendor/laravel/framework/src/Illuminate/Database/Connection.php(611): Illuminate\Database\Connection->runQueryCallback('create table `c...', Array, Object(Closure))
#1 /var/www/laravel-angular/vendor/laravel/framework/src/Illuminate/Database/Connection.php(391): Illuminate\Database\Connection->run('create table `c...', Array, Object(Closure))
#2 /var/www/laravel-angular/vendor/laravel/framework/src/Illuminate/Database/Schema/Blueprint.php(83): Illuminate\Database\Connection->statement('create table `c...')
#3 /var/www/laravel-angular/vendor/laravel/framework/src/Illuminate/Database/Schema/Builder.php(191): Illuminate\Database\Schema\Blueprint->build(Object(Illuminate\Database\MySqlConnection), Object(Illuminate\Database\Schema\Grammars\MySqlGrammar))
#4 /var/www/laravel-angular/vendor/laravel/framework/src/Illuminate/Database/Schema/Builder.php(134): Illuminate\Database\Schema\Builder->build(Object(Illuminate\Database\Schema\Blueprint))
#5 /var/www/laravel-angular/vendor/laravel/framework/src/Illuminate/Support/Facades/Facade.php(219): Illuminate\Database\Schema\Builder->create('clients', Object(Closure))
#6 /var/www/laravel-angular/database/migrations/2016_05_22_154714_create_clients_table.php(24): Illuminate\Support\Facades\Facade::__callStatic('create', Array)
#7 /var/www/laravel-angular/database/migrations/2016_05_22_154714_create_clients_table.php(24): Illuminate\Support\Facades\Schema::create('clients', Object(Closure))
#8 /var/www/laravel-angular/vendor/laravel/framework/src/Illuminate/Database/Migrations/Migrator.php(135): CreateClientsTable->up()
#9 /var/www/laravel-angular/vendor/laravel/framework/src/Illuminate/Database/Migrations/Migrator.php(112): Illuminate\Database\Migrations\Migrator->runUp('2016_05_22_1547...', 6, false)
#10 /var/www/laravel-angular/vendor/laravel/framework/src/Illuminate/Database/Migrations/Migrator.php(85): Illuminate\Database\Migrations\Migrator->runMigrationList(Array, false)
#11 /var/www/laravel-angular/vendor/laravel/framework/src/Illuminate/Database/Console/Migrations/MigrateCommand.php(74): Illuminate\Database\Migrations\Migrator->run('/var/www/larave...', false)
#12 [internal function]: Illuminate\Database\Console\Migrations\MigrateCommand->fire()
#13 /var/www/laravel-angular/vendor/laravel/framework/src/Illuminate/Container/Container.php(507): call_user_func_array(Array, Array)
#14 /var/www/laravel-angular/vendor/laravel/framework/src/Illuminate/Console/Command.php(150): Illuminate\Container\Container->call(Array)
#15 /var/www/laravel-angular/vendor/symfony/console/Command/Command.php(256): Illuminate\Console\Command->execute(Object(Symfony\Component\Console\Input\ArgvInput), Object(Symfony\Component\Console\Output\ConsoleOutput))
#16 /var/www/laravel-angular/vendor/laravel/framework/src/Illuminate/Console/Command.php(136): Symfony\Component\Console\Command\Command->run(Object(Symfony\Component\Console\Input\ArgvInput), Object(Symfony\Component\Console\Output\ConsoleOutput))
#17 /var/www/laravel-angular/vendor/symfony/console/Application.php(841): Illuminate\Console\Command->run(Object(Symfony\Component\Console\Input\ArgvInput), Object(Symfony\Component\Console\Output\ConsoleOutput))
#18 /var/www/laravel-angular/vendor/symfony/console/Application.php(189): Symfony\Component\Console\Application->doRunCommand(Object(Illuminate\Database\Console\Migrations\MigrateCommand), Object(Symfony\Component\Console\Input\ArgvInput), Object(Symfony\Component\Console\Output\ConsoleOutput))
#19 /var/www/laravel-angular/vendor/symfony/console/Application.php(120): Symfony\Component\Console\Application->doRun(Object(Symfony\Component\Console\Input\ArgvInput), Object(Symfony\Component\Console\Output\ConsoleOutput))
#20 /var/www/laravel-angular/vendor/laravel/framework/src/Illuminate/Foundation/Console/Kernel.php(107): Symfony\Component\Console\Application->run(Object(Symfony\Component\Console\Input\ArgvInput), Object(Symfony\Component\Console\Output\ConsoleOutput))
#21 /var/www/laravel-angular/artisan(36): Illuminate\Foundation\Console\Kernel->handle(Object(Symfony\Component\Console\Input\ArgvInput), Object(Symfony\Component\Console\Output\ConsoleOutput))
#22 {main}  
[2016-05-22 15:59:44] local.ERROR: exception 'InvalidArgumentException' with message 'There are no commands defined in the "name" namespace.' in /var/www/laravel-angular/vendor/symfony/console/Application.php:469
Stack trace:
#0 /var/www/laravel-angular/vendor/symfony/console/Application.php(501): Symfony\Component\Console\Application->findNamespace('name')
#1 /var/www/laravel-angular/vendor/symfony/console/Application.php(186): Symfony\Component\Console\Application->find('name:LaravelAng...')
#2 /var/www/laravel-angular/vendor/symfony/console/Application.php(120): Symfony\Component\Console\Application->doRun(Object(Symfony\Component\Console\Input\ArgvInput), Object(Symfony\Component\Console\Output\ConsoleOutput))
#3 /var/www/laravel-angular/vendor/laravel/framework/src/Illuminate/Foundation/Console/Kernel.php(107): Symfony\Component\Console\Application->run(Object(Symfony\Component\Console\Input\ArgvInput), Object(Symfony\Component\Console\Output\ConsoleOutput))
#4 /var/www/laravel-angular/artisan(36): Illuminate\Foundation\Console\Kernel->handle(Object(Symfony\Component\Console\Input\ArgvInput), Object(Symfony\Component\Console\Output\ConsoleOutput))
#5 {main}  
[2016-05-22 16:26:57] local.ERROR: exception 'Symfony\Component\Debug\Exception\FatalErrorException' with message 'Class 'LaravelAngular\Http\Controllers\Cliente' not found' in /var/www/laravel-angular/app/Http/Controllers/ClientController.php:38
Stack trace:
#0 {main}  
[2016-05-22 18:25:02] local.ERROR: exception 'ReflectionException' with message 'Class LaravelAngular\Http\Controllers\ClientRepository does not exist' in /var/www/laravel-angular/vendor/laravel/framework/src/Illuminate/Routing/RouteDependencyResolverTrait.php:81
Stack trace:
#0 /var/www/laravel-angular/vendor/laravel/framework/src/Illuminate/Routing/RouteDependencyResolverTrait.php(81): ReflectionParameter->getClass()
#1 /var/www/laravel-angular/vendor/laravel/framework/src/Illuminate/Routing/RouteDependencyResolverTrait.php(61): Illuminate\Routing\ControllerDispatcher->transformDependency(Object(ReflectionParameter), Array, Array)
#2 /var/www/laravel-angular/vendor/laravel/framework/src/Illuminate/Routing/RouteDependencyResolverTrait.php(44): Illuminate\Routing\ControllerDispatcher->resolveMethodDependencies(Array, Object(ReflectionMethod))
#3 /var/www/laravel-angular/vendor/laravel/framework/src/Illuminate/Routing/ControllerDispatcher.php(162): Illuminate\Routing\ControllerDispatcher->resolveClassMethodDependencies(Array, Object(LaravelAngular\Http\Controllers\ClientController), 'index')
#4 /var/www/laravel-angular/vendor/laravel/framework/src/Illuminate/Routing/ControllerDispatcher.php(112): Illuminate\Routing\ControllerDispatcher->call(Object(LaravelAngular\Http\Controllers\ClientController), Object(Illuminate\Routing\Route), 'index')
#5 [internal function]: Illuminate\Routing\ControllerDispatcher->Illuminate\Routing\{closure}(Object(Illuminate\Http\Request))
#6 /var/www/laravel-angular/vendor/laravel/framework/src/Illuminate/Pipeline/Pipeline.php(139): call_user_func(Object(Closure), Object(Illuminate\Http\Request))
#7 [internal function]: Illuminate\Pipeline\Pipeline->Illuminate\Pipeline\{closure}(Object(Illuminate\Http\Request))
#8 /var/www/laravel-angular/vendor/laravel/framework/src/Illuminate/Pipeline/Pipeline.php(103): call_user_func(Object(Closure), Object(Illuminate\Http\Request))
#9 /var/www/laravel-angular/vendor/laravel/framework/src/Illuminate/Routing/ControllerDispatcher.php(114): Illuminate\Pipeline\Pipeline->then(Object(Closure))
#10 /var/www/laravel-angular/vendor/laravel/framework/src/Illuminate/Routing/ControllerDispatcher.php(69): Illuminate\Routing\ControllerDispatcher->callWithinStack(Object(LaravelAngular\Http\Controllers\ClientController), Object(Illuminate\Routing\Route), Object(Illuminate\Http\Request), 'index')
#11 /var/www/laravel-angular/vendor/laravel/framework/src/Illuminate/Routing/Route.php(203): Illuminate\Routing\ControllerDispatcher->dispatch(Object(Illuminate\Routing\Route), Object(Illuminate\Http\Request), 'LaravelAngular\...', 'index')
#12 /var/www/laravel-angular/vendor/laravel/framework/src/Illuminate/Routing/Route.php(134): Illuminate\Routing\Route->runWithCustomDispatcher(Object(Illuminate\Http\Request))
#13 /var/www/laravel-angular/vendor/laravel/framework/src/Illuminate/Routing/Router.php(708): Illuminate\Routing\Route->run(Object(Illuminate\Http\Request))
#14 [internal function]: Illuminate\Routing\Router->Illuminate\Routing\{closure}(Object(Illuminate\Http\Request))
#15 /var/www/laravel-angular/vendor/laravel/framework/src/Illuminate/Pipeline/Pipeline.php(139): call_user_func(Object(Closure), Object(Illuminate\Http\Request))
#16 [internal function]: Illuminate\Pipeline\Pipeline->Illuminate\Pipeline\{closure}(Object(Illuminate\Http\Request))
#17 /var/www/laravel-angular/vendor/laravel/framework/src/Illuminate/Pipeline/Pipeline.php(103): call_user_func(Object(Closure), Object(Illuminate\Http\Request))
#18 /var/www/laravel-angular/vendor/laravel/framework/src/Illuminate/Routing/Router.php(710): Illuminate\Pipeline\Pipeline->then(Object(Closure))
#19 /var/www/laravel-angular/vendor/laravel/framework/src/Illuminate/Routing/Router.php(675): Illuminate\Routing\Router->runRouteWithinStack(Object(Illuminate\Routing\Route), Object(Illuminate\Http\Request))
#20 /var/www/laravel-angular/vendor/laravel/framework/src/Illuminate/Routing/Router.php(635): Illuminate\Routing\Router->dispatchToRoute(Object(Illuminate\Http\Request))
#21 /var/www/laravel-angular/vendor/laravel/framework/src/Illuminate/Foundation/Http/Kernel.php(236): Illuminate\Routing\Router->dispatch(Object(Illuminate\Http\Request))
#22 [internal function]: Illuminate\Foundation\Http\Kernel->Illuminate\Foundation\Http\{closure}(Object(Illuminate\Http\Request))
#23 /var/www/laravel-angular/vendor/laravel/framework/src/Illuminate/Pipeline/Pipeline.php(139): call_user_func(Object(Closure), Object(Illuminate\Http\Request))
#24 /var/www/laravel-angular/vendor/laravel/framework/src/Illuminate/View/Middleware/ShareErrorsFromSession.php(49): Illuminate\Pipeline\Pipeline->Illuminate\Pipeline\{closure}(Object(Illuminate\Http\Request))
#25 [internal function]: Illuminate\View\Middleware\ShareErrorsFromSession->handle(Object(Illuminate\Http\Request), Object(Closure))
#26 /var/www/laravel-angular/vendor/laravel/framework/src/Illuminate/Pipeline/Pipeline.php(124): call_user_func_array(Array, Array)
#27 /var/www/laravel-angular/vendor/laravel/framework/src/Illuminate/Session/Middleware/StartSession.php(62): Illuminate\Pipeline\Pipeline->Illuminate\Pipeline\{closure}(Object(Illuminate\Http\Request))
#28 [internal function]: Illuminate\Session\Middleware\StartSession->handle(Object(Illuminate\Http\Request), Object(Closure))
#29 /var/www/laravel-angular/vendor/laravel/framework/src/Illuminate/Pipeline/Pipeline.php(124): call_user_func_array(Array, Array)
#30 /var/www/laravel-angular/vendor/laravel/framework/src/Illuminate/Cookie/Middleware/AddQueuedCookiesToResponse.php(37): Illuminate\Pipeline\Pipeline->Illuminate\Pipeline\{closure}(Object(Illuminate\Http\Request))
#31 [internal function]: Illuminate\Cookie\Middleware\AddQueuedCookiesToResponse->handle(Object(Illuminate\Http\Request), Object(Closure))
#32 /var/www/laravel-angular/vendor/laravel/framework/src/Illuminate/Pipeline/Pipeline.php(124): call_user_func_array(Array, Array)
#33 /var/www/laravel-angular/vendor/laravel/framework/src/Illuminate/Cookie/Middleware/EncryptCookies.php(59): Illuminate\Pipeline\Pipeline->Illuminate\Pipeline\{closure}(Object(Illuminate\Http\Request))
#34 [internal function]: Illuminate\Cookie\Middleware\EncryptCookies->handle(Object(Illuminate\Http\Request), Object(Closure))
#35 /var/www/laravel-angular/vendor/laravel/framework/src/Illuminate/Pipeline/Pipeline.php(124): call_user_func_array(Array, Array)
#36 /var/www/laravel-angular/vendor/laravel/framework/src/Illuminate/Foundation/Http/Middleware/CheckForMaintenanceMode.php(44): Illuminate\Pipeline\Pipeline->Illuminate\Pipeline\{closure}(Object(Illuminate\Http\Request))
#37 [internal function]: Illuminate\Foundation\Http\Middleware\CheckForMaintenanceMode->handle(Object(Illuminate\Http\Request), Object(Closure))
#38 /var/www/laravel-angular/vendor/laravel/framework/src/Illuminate/Pipeline/Pipeline.php(124): call_user_func_array(Array, Array)
#39 [internal function]: Illuminate\Pipeline\Pipeline->Illuminate\Pipeline\{closure}(Object(Illuminate\Http\Request))
#40 /var/www/laravel-angular/vendor/laravel/framework/src/Illuminate/Pipeline/Pipeline.php(103): call_user_func(Object(Closure), Object(Illuminate\Http\Request))
#41 /var/www/laravel-angular/vendor/laravel/framework/src/Illuminate/Foundation/Http/Kernel.php(122): Illuminate\Pipeline\Pipeline->then(Object(Closure))
#42 /var/www/laravel-angular/vendor/laravel/framework/src/Illuminate/Foundation/Http/Kernel.php(87): Illuminate\Foundation\Http\Kernel->sendRequestThroughRouter(Object(Illuminate\Http\Request))
#43 /var/www/laravel-angular/public/index.php(54): Illuminate\Foundation\Http\Kernel->handle(Object(Illuminate\Http\Request))
#44 /var/www/laravel-angular/server.php(21): require_once('/var/www/larave...')
#45 {main}  
[2016-05-22 18:25:19] local.ERROR: exception 'Illuminate\Contracts\Container\BindingResolutionException' with message 'Target [LaravelAngular\Repositories\ClientRepository] is not instantiable.' in /var/www/laravel-angular/vendor/laravel/framework/src/Illuminate/Container/Container.php:749
Stack trace:
#0 /var/www/laravel-angular/vendor/laravel/framework/src/Illuminate/Container/Container.php(631): Illuminate\Container\Container->build('LaravelAngular\...', Array)
#1 /var/www/laravel-angular/vendor/laravel/framework/src/Illuminate/Foundation/Application.php(674): Illuminate\Container\Container->make('LaravelAngular\...', Array)
#2 /var/www/laravel-angular/vendor/laravel/framework/src/Illuminate/Routing/RouteDependencyResolverTrait.php(87): Illuminate\Foundation\Application->make('LaravelAngular\...')
#3 /var/www/laravel-angular/vendor/laravel/framework/src/Illuminate/Routing/RouteDependencyResolverTrait.php(61): Illuminate\Routing\ControllerDispatcher->transformDependency(Object(ReflectionParameter), Array, Array)
#4 /var/www/laravel-angular/vendor/laravel/framework/src/Illuminate/Routing/RouteDependencyResolverTrait.php(44): Illuminate\Routing\ControllerDispatcher->resolveMethodDependencies(Array, Object(ReflectionMethod))
#5 /var/www/laravel-angular/vendor/laravel/framework/src/Illuminate/Routing/ControllerDispatcher.php(162): Illuminate\Routing\ControllerDispatcher->resolveClassMethodDependencies(Array, Object(LaravelAngular\Http\Controllers\ClientController), 'index')
#6 /var/www/laravel-angular/vendor/laravel/framework/src/Illuminate/Routing/ControllerDispatcher.php(112): Illuminate\Routing\ControllerDispatcher->call(Object(LaravelAngular\Http\Controllers\ClientController), Object(Illuminate\Routing\Route), 'index')
#7 [internal function]: Illuminate\Routing\ControllerDispatcher->Illuminate\Routing\{closure}(Object(Illuminate\Http\Request))
#8 /var/www/laravel-angular/vendor/laravel/framework/src/Illuminate/Pipeline/Pipeline.php(139): call_user_func(Object(Closure), Object(Illuminate\Http\Request))
#9 [internal function]: Illuminate\Pipeline\Pipeline->Illuminate\Pipeline\{closure}(Object(Illuminate\Http\Request))
#10 /var/www/laravel-angular/vendor/laravel/framework/src/Illuminate/Pipeline/Pipeline.php(103): call_user_func(Object(Closure), Object(Illuminate\Http\Request))
#11 /var/www/laravel-angular/vendor/laravel/framework/src/Illuminate/Routing/ControllerDispatcher.php(114): Illuminate\Pipeline\Pipeline->then(Object(Closure))
#12 /var/www/laravel-angular/vendor/laravel/framework/src/Illuminate/Routing/ControllerDispatcher.php(69): Illuminate\Routing\ControllerDispatcher->callWithinStack(Object(LaravelAngular\Http\Controllers\ClientController), Object(Illuminate\Routing\Route), Object(Illuminate\Http\Request), 'index')
#13 /var/www/laravel-angular/vendor/laravel/framework/src/Illuminate/Routing/Route.php(203): Illuminate\Routing\ControllerDispatcher->dispatch(Object(Illuminate\Routing\Route), Object(Illuminate\Http\Request), 'LaravelAngular\...', 'index')
#14 /var/www/laravel-angular/vendor/laravel/framework/src/Illuminate/Routing/Route.php(134): Illuminate\Routing\Route->runWithCustomDispatcher(Object(Illuminate\Http\Request))
#15 /var/www/laravel-angular/vendor/laravel/framework/src/Illuminate/Routing/Router.php(708): Illuminate\Routing\Route->run(Object(Illuminate\Http\Request))
#16 [internal function]: Illuminate\Routing\Router->Illuminate\Routing\{closure}(Object(Illuminate\Http\Request))
#17 /var/www/laravel-angular/vendor/laravel/framework/src/Illuminate/Pipeline/Pipeline.php(139): call_user_func(Object(Closure), Object(Illuminate\Http\Request))
#18 [internal function]: Illuminate\Pipeline\Pipeline->Illuminate\Pipeline\{closure}(Object(Illuminate\Http\Request))
#19 /var/www/laravel-angular/vendor/laravel/framework/src/Illuminate/Pipeline/Pipeline.php(103): call_user_func(Object(Closure), Object(Illuminate\Http\Request))
#20 /var/www/laravel-angular/vendor/laravel/framework/src/Illuminate/Routing/Router.php(710): Illuminate\Pipeline\Pipeline->then(Object(Closure))
#21 /var/www/laravel-angular/vendor/laravel/framework/src/Illuminate/Routing/Router.php(675): Illuminate\Routing\Router->runRouteWithinStack(Object(Illuminate\Routing\Route), Object(Illuminate\Http\Request))
#22 /var/www/laravel-angular/vendor/laravel/framework/src/Illuminate/Routing/Router.php(635): Illuminate\Routing\Router->dispatchToRoute(Object(Illuminate\Http\Request))
#23 /var/www/laravel-angular/vendor/laravel/framework/src/Illuminate/Foundation/Http/Kernel.php(236): Illuminate\Routing\Router->dispatch(Object(Illuminate\Http\Request))
#24 [internal function]: Illuminate\Foundation\Http\Kernel->Illuminate\Foundation\Http\{closure}(Object(Illuminate\Http\Request))
#25 /var/www/laravel-angular/vendor/laravel/framework/src/Illuminate/Pipeline/Pipeline.php(139): call_user_func(Object(Closure), Object(Illuminate\Http\Request))
#26 /var/www/laravel-angular/vendor/laravel/framework/src/Illuminate/View/Middleware/ShareErrorsFromSession.php(49): Illuminate\Pipeline\Pipeline->Illuminate\Pipeline\{closure}(Object(Illuminate\Http\Request))
#27 [internal function]: Illuminate\View\Middleware\ShareErrorsFromSession->handle(Object(Illuminate\Http\Request), Object(Closure))
#28 /var/www/laravel-angular/vendor/laravel/framework/src/Illuminate/Pipeline/Pipeline.php(124): call_user_func_array(Array, Array)
#29 /var/www/laravel-angular/vendor/laravel/framework/src/Illuminate/Session/Middleware/StartSession.php(62): Illuminate\Pipeline\Pipeline->Illuminate\Pipeline\{closure}(Object(Illuminate\Http\Request))
#30 [internal function]: Illuminate\Session\Middleware\StartSession->handle(Object(Illuminate\Http\Request), Object(Closure))
#31 /var/www/laravel-angular/vendor/laravel/framework/src/Illuminate/Pipeline/Pipeline.php(124): call_user_func_array(Array, Array)
#32 /var/www/laravel-angular/vendor/laravel/framework/src/Illuminate/Cookie/Middleware/AddQueuedCookiesToResponse.php(37): Illuminate\Pipeline\Pipeline->Illuminate\Pipeline\{closure}(Object(Illuminate\Http\Request))
#33 [internal function]: Illuminate\Cookie\Middleware\AddQueuedCookiesToResponse->handle(Object(Illuminate\Http\Request), Object(Closure))
#34 /var/www/laravel-angular/vendor/laravel/framework/src/Illuminate/Pipeline/Pipeline.php(124): call_user_func_array(Array, Array)
#35 /var/www/laravel-angular/vendor/laravel/framework/src/Illuminate/Cookie/Middleware/EncryptCookies.php(59): Illuminate\Pipeline\Pipeline->Illuminate\Pipeline\{closure}(Object(Illuminate\Http\Request))
#36 [internal function]: Illuminate\Cookie\Middleware\EncryptCookies->handle(Object(Illuminate\Http\Request), Object(Closure))
#37 /var/www/laravel-angular/vendor/laravel/framework/src/Illuminate/Pipeline/Pipeline.php(124): call_user_func_array(Array, Array)
#38 /var/www/laravel-angular/vendor/laravel/framework/src/Illuminate/Foundation/Http/Middleware/CheckForMaintenanceMode.php(44): Illuminate\Pipeline\Pipeline->Illuminate\Pipeline\{closure}(Object(Illuminate\Http\Request))
#39 [internal function]: Illuminate\Foundation\Http\Middleware\CheckForMaintenanceMode->handle(Object(Illuminate\Http\Request), Object(Closure))
#40 /var/www/laravel-angular/vendor/laravel/framework/src/Illuminate/Pipeline/Pipeline.php(124): call_user_func_array(Array, Array)
#41 [internal function]: Illuminate\Pipeline\Pipeline->Illuminate\Pipeline\{closure}(Object(Illuminate\Http\Request))
#42 /var/www/laravel-angular/vendor/laravel/framework/src/Illuminate/Pipeline/Pipeline.php(103): call_user_func(Object(Closure), Object(Illuminate\Http\Request))
#43 /var/www/laravel-angular/vendor/laravel/framework/src/Illuminate/Foundation/Http/Kernel.php(122): Illuminate\Pipeline\Pipeline->then(Object(Closure))
#44 /var/www/laravel-angular/vendor/laravel/framework/src/Illuminate/Foundation/Http/Kernel.php(87): Illuminate\Foundation\Http\Kernel->sendRequestThroughRouter(Object(Illuminate\Http\Request))
#45 /var/www/laravel-angular/public/index.php(54): Illuminate\Foundation\Http\Kernel->handle(Object(Illuminate\Http\Request))
#46 /var/www/laravel-angular/server.php(21): require_once('/var/www/larave...')
#47 {main}  
[2016-05-22 19:35:03] local.ERROR: exception 'BadMethodCallException' with message 'Call to undefined method [bind]' in /var/www/laravel-angular/vendor/laravel/framework/src/Illuminate/Support/ServiceProvider.php:234
Stack trace:
#0 /var/www/laravel-angular/app/Providers/LaravelAngularRepositoryProvider.php(29): Illuminate\Support\ServiceProvider->__call('bind', Array)
#1 /var/www/laravel-angular/app/Providers/LaravelAngularRepositoryProvider.php(29): LaravelAngular\Providers\LaravelAngularRepositoryProvider->bind('LaravelAngular\...', 'LaravelAngular\...')
#2 /var/www/laravel-angular/vendor/laravel/framework/src/Illuminate/Foundation/Application.php(531): LaravelAngular\Providers\LaravelAngularRepositoryProvider->register()
#3 /var/www/laravel-angular/vendor/laravel/framework/src/Illuminate/Foundation/ProviderRepository.php(74): Illuminate\Foundation\Application->register(Object(LaravelAngular\Providers\LaravelAngularRepositoryProvider))
#4 /var/www/laravel-angular/vendor/laravel/framework/src/Illuminate/Foundation/Application.php(507): Illuminate\Foundation\ProviderRepository->load(Array)
#5 /var/www/laravel-angular/vendor/laravel/framework/src/Illuminate/Foundation/Bootstrap/RegisterProviders.php(17): Illuminate\Foundation\Application->registerConfiguredProviders()
#6 /var/www/laravel-angular/vendor/laravel/framework/src/Illuminate/Foundation/Application.php(203): Illuminate\Foundation\Bootstrap\RegisterProviders->bootstrap(Object(Illuminate\Foundation\Application))
#7 /var/www/laravel-angular/vendor/laravel/framework/src/Illuminate/Foundation/Http/Kernel.php(222): Illuminate\Foundation\Application->bootstrapWith(Array)
#8 /var/www/laravel-angular/vendor/laravel/framework/src/Illuminate/Foundation/Http/Kernel.php(117): Illuminate\Foundation\Http\Kernel->bootstrap()
#9 /var/www/laravel-angular/vendor/laravel/framework/src/Illuminate/Foundation/Http/Kernel.php(87): Illuminate\Foundation\Http\Kernel->sendRequestThroughRouter(Object(Illuminate\Http\Request))
#10 /var/www/laravel-angular/public/index.php(54): Illuminate\Foundation\Http\Kernel->handle(Object(Illuminate\Http\Request))
#11 /var/www/laravel-angular/server.php(21): require_once('/var/www/larave...')
#12 {main}  
[2016-05-22 19:46:30] local.ERROR: exception 'Symfony\Component\Debug\Exception\FatalErrorException' with message 'Class 'LaravelAngular\Http\Controllers\Client' not found' in /var/www/laravel-angular/app/Http/Controllers/ClientController.php:66
Stack trace:
#0 {main}  
